\BOOKMARK [1][-]{section.1}{1 Introdu\347\343o}{}% 1
\BOOKMARK [1][-]{section.2}{2 ELGG}{}% 2
\BOOKMARK [2][-]{subsection.2.1}{2.1 Requerimento e instala\347\343o do Sistema}{section.2}% 3
\BOOKMARK [2][-]{subsection.2.2}{2.2 Plugins}{section.2}% 4
\BOOKMARK [2][-]{subsection.2.3}{2.3 Banco de Dados}{section.2}% 5
\BOOKMARK [2][-]{subsection.2.4}{2.4 L\363gica e organiza\347\343o do ELGG}{section.2}% 6
\BOOKMARK [1][-]{section.3}{3 Monashees Plus Network}{}% 7
\BOOKMARK [2][-]{subsection.3.1}{3.1 Plugin Filters}{section.3}% 8
\BOOKMARK [2][-]{subsection.3.2}{3.2 Plugin Home}{section.3}% 9
\BOOKMARK [2][-]{subsection.3.3}{3.3 Plugin People}{section.3}% 10
\BOOKMARK [2][-]{subsection.3.4}{3.4 Plugin Ventures Advisor}{section.3}% 11
\BOOKMARK [2][-]{subsection.3.5}{3.5 Plugin Theme Monashees}{section.3}% 12
\BOOKMARK [2][-]{subsection.3.6}{3.6 Plugin White List}{section.3}% 13
\BOOKMARK [2][-]{subsection.3.7}{3.7 Plugin Sign Up Pendent List}{section.3}% 14
\BOOKMARK [2][-]{subsection.3.8}{3.8 Plugin Social Login Extend}{section.3}% 15
\BOOKMARK [2][-]{subsection.3.9}{3.9 Plugin Libraries Monashees}{section.3}% 16
\BOOKMARK [2][-]{subsection.3.10}{3.10 Plugin Social Login}{section.3}% 17
\BOOKMARK [2][-]{subsection.3.11}{3.11 Plugin FirstLogin Permission}{section.3}% 18
\BOOKMARK [2][-]{subsection.3.12}{3.12 Plugin FirstLogin Redirect}{section.3}% 19
\BOOKMARK [2][-]{subsection.3.13}{3.13 Plugin Like Comment}{section.3}% 20
\BOOKMARK [2][-]{subsection.3.14}{3.14 Formul\341rio AfterLogin - Plugin Home}{section.3}% 21
\BOOKMARK [2][-]{subsection.3.15}{3.15 Plugin Search}{section.3}% 22
\BOOKMARK [2][-]{subsection.3.16}{3.16 Plugin Likes}{section.3}% 23
\BOOKMARK [2][-]{subsection.3.17}{3.17 Plugin Profile}{section.3}% 24
\BOOKMARK [2][-]{subsection.3.18}{3.18 Plugin HTMLawed}{section.3}% 25
\BOOKMARK [1][-]{section.4}{4 Testes}{}% 26
\BOOKMARK [2][-]{subsection.4.1}{4.1 Testes de Selenium}{section.4}% 27
\BOOKMARK [2][-]{subsection.4.2}{4.2 Testes de Unidade}{section.4}% 28
\BOOKMARK [2][-]{subsection.4.3}{4.3 ElggUnit}{section.4}% 29
\BOOKMARK [2][-]{subsection.4.4}{4.4 PHPUnit}{section.4}% 30
\BOOKMARK [1][-]{section.5}{5 Lista de Discuss\365es}{}% 31
\BOOKMARK [1][-]{section.6}{6 Reposit\363rio Github}{}% 32
\BOOKMARK [1][-]{section.7}{7 Sonar}{}% 33
\BOOKMARK [1][-]{section.8}{8 Tutorial b\341sico do Git}{}% 34
\BOOKMARK [1][-]{section.9}{9 Sugest\365es}{}% 35
\BOOKMARK [1][-]{section.10}{10 Contatos}{}% 36
\BOOKMARK [1][-]{section.11}{11 Conclus\343o}{}% 37
